<?xml version="1.0" encoding="UTF-8"?>
<!-- Generated by org.testng.reporters.JUnitReportReporter -->
<testsuite hostname="LAPTOP-BF1S96ML" failures="0" tests="2" name="TesterDoHere.TestApp" time="0.009" errors="0" timestamp="2021-09-22T22:58:40 IST" skipped="0">
  <testcase classname="TesterDoHere.TestApp" name="testlogin2" time="0.003"/>
  <system-out/>
  <testcase classname="TesterDoHere.TestApp" name="testlogin1" time="0.006"/>
  <system-out/>
</testsuite> <!-- TesterDoHere.TestApp -->
