<?xml version="1.0" encoding="UTF-8"?>
<!-- Generated by org.testng.reporters.JUnitReportReporter -->
<testsuite hostname="LAPTOP-BF1S96ML" failures="0" tests="2" name="TesterDoHere.TestApp" time="0.013" errors="0" timestamp="2021-10-15T21:02:08 IST" skipped="0">
  <testcase classname="TesterDoHere.TestApp" name="testlogin1" time="0.012"/>
  <system-out/>
  <testcase classname="TesterDoHere.TestApp" name="testlogin2" time="0.001"/>
  <system-out/>
</testsuite> <!-- TesterDoHere.TestApp -->
