<?xml version="1.0" encoding="UTF-8"?>
<!-- Generated by org.testng.reporters.JUnitReportReporter -->
<testsuite hostname="LAPTOP-BF1S96ML" failures="0" tests="1" name="TesterDoHere.SeleniumProject" time="27.626" errors="0" timestamp="2021-10-15T21:01:37 IST" skipped="0">
  <testcase classname="TesterDoHere.SeleniumProject" name="login_Test" time="27.626"/>
  <system-out/>
</testsuite> <!-- TesterDoHere.SeleniumProject -->
